Exception at PC 0x000007FEFCC2A06D
Unable to capture context for thread 10164 in process 8060, can not generate back trace
Unable to capture context for thread 9760 in process 8060, can not generate back trace
Exception at PC 0x000007FEFCC2A06D
Unable to capture context for thread 10164 in process 8060, can not generate back trace
Unable to capture context for thread 10852 in process 8060, can not generate back trace
Exception at PC 0x000007FEB790BB93
Printing stacktrace...

Unable to capture context for thread 10852 in process 8060, can not generate back trace
Exception at PC 0x000007FEFCC2A06D
Exception at PC 0x000007FEFCC2A06D
Exception at PC 0x000007FEFCC2A06D
Exception at PC 0x000007FEFCC2A06D
Exception at PC 0x000007FEFCC2A06D
Exception at PC 0x000007FEFCC2A06D
Exception at PC 0x000007FEFCC2A06D
Exception at PC 0x000007FEFCC2A06D
Exception at PC 0x000007FEFCC2A06D
Exception at PC 0x000007FEFCC2A06D
Exception at PC 0x000007FEFCC2A06D
Exception at PC 0x000007FEFCC2A06D
[0]  [0x000007FEB790BB93]
[1]  [0x000007FEB790BB93]
[2]  [0x000007FEB790B4A1]
[3]  [0x000007FEB790B3EF]
[4]  [0x000007FEB78F19FE]
[5]  [0x000007FEB78F0ED1]
[6]  [0x000007FEB78F0D76]
[7]  [0x000007FEB78979F6]
[8]  [0x000007FEB7887AFB]
[9]  [0x000007FEB79AE90A]
[10]  [0x000007FEB79C9F87]
[11]  [0x000007FEB79CA05F]
[12] (BaseThreadInitThunk+0xd) [0x0000000076E159CD]
[13] (RtlUserThreadStart+0x1d) [0x0000000076F7383D]
Done
Exception at PC 0x000007FEFCC2A06D
Exception at PC 0x000007FEFCC2A06D
Exception at PC 0x000007FEFCC2A06D
Exception at PC 0x000007FEFCC2A06D
